2026-04-25 00:59:56,011 - src.ai_reporter - INFO - APIKeyRotator initialized with 8 keys and 0 proxies.
/home/lehuuhoang/cve_finding/cve_data_collecting_tool/venv/lib/python3.12/site-packages/vertexai/generative_models/_generative_models.py:433: UserWarning: This feature is deprecated as of June 24, 2025 and will be removed on June 24, 2026. For details, see https://cloud.google.com/vertex-ai/generative-ai/docs/deprecations/genai-vertexai-sdk.
  warning_logs.show_deprecation_warning()
2026-04-25 00:59:57,325 - src.agent_verifier - INFO - Starting AGENTIC AI Verifier Worker...
2026-04-25 01:00:01,687 - src.database - INFO - Database connection pool initialized
2026-04-25 01:00:02,810 - src.agent_verifier - INFO - ==> Agent Claimed CVE-2026-41900 (Marked LEVEL_1 to release DB Lock). Initializing Hack Process...
2026-04-25 01:00:02,811 - src.agent_verifier - INFO - [CVE-2026-41900] No PoC JSON found at data/PoC-in-GitHub/2026/CVE-2026-41900.json
2026-04-25 01:00:02,811 - src.agent_verifier - INFO - [CVE-2026-41900] Agent Iteration 1/5...
2026-04-25 01:01:01,411 - src.agent_verifier - INFO - [CVE-2026-41900] Using Docker Compose Up...
2026-04-25 01:02:40,450 - src.agent_verifier - WARNING - [CVE-2026-41900] Iteration 1 Failed! Error:
2026-04-25 01:02:40,452 - src.agent_verifier - WARNING - [CVE-2026-41900] DOCKER COMPOSE UP FAILED:\nable-app  Built
 Network cve-2026-41900_default  Creating
 Network cve-2026-41900_default  Created
 Container openlearnx-vulnerable  Creating
 Container openlearnx-vulnerable  Created
 Container openlearnx-vulnerable  Starting
Error response from daemon: failed to set up container networking: driver failed programming external connectivity on endpoint openlearnx-vulnerable (873d0e109f1771621e51f2bbb08c94233e74bbe53a842d45c5a1c8057c998072): Bind for 0.0.0.0:8080 failed: port is already allocated
\n\nCONTAINER LOGS:\n
2026-04-25 01:02:40,452 - src.agent_verifier - INFO - [CVE-2026-41900] Agent Iteration 2/5...
2026-04-25 01:03:01,400 - src.agent_verifier - INFO - [CVE-2026-41900] Using Docker Compose Up...
2026-04-25 01:04:28,521 - src.agent_verifier - INFO - [CVE-2026-41900] Firing exploit.py from Host...
2026-04-25 01:04:30,745 - src.agent_verifier - INFO - [CVE-2026-41900] Cleaning up Compose...
2026-04-25 01:04:32,339 - src.agent_verifier - INFO - 🚀 [CVE-2026-41900] VERIFIED SUCCESSFUL on iteration 2!
2026-04-25 01:04:32,439 - src.database - INFO - Database connection pool closed
2026-04-25 01:04:34,127 - src.database - INFO - Database connection pool initialized
2026-04-25 01:04:34,970 - src.agent_verifier - INFO - [CVE-2026-41900] Saved to docs/cves_findings/CVE-2026-41900.md and Upgraded to LEVEL_2 (Verified!).
2026-04-25 01:04:39,011 - src.agent_verifier - INFO - ==> Agent Claimed CVE-2026-41640 (Marked LEVEL_1 to release DB Lock). Initializing Hack Process...
2026-04-25 01:04:39,093 - src.agent_verifier - INFO - [CVE-2026-41640] No PoC JSON found at data/PoC-in-GitHub/2026/CVE-2026-41640.json
2026-04-25 01:04:39,094 - src.agent_verifier - INFO - [CVE-2026-41640] Agent Iteration 1/5...
