2026-04-25 00:59:56,009 - src.ai_reporter - INFO - APIKeyRotator initialized with 8 keys and 0 proxies.
/home/lehuuhoang/cve_finding/cve_data_collecting_tool/venv/lib/python3.12/site-packages/vertexai/generative_models/_generative_models.py:433: UserWarning: This feature is deprecated as of June 24, 2025 and will be removed on June 24, 2026. For details, see https://cloud.google.com/vertex-ai/generative-ai/docs/deprecations/genai-vertexai-sdk.
  warning_logs.show_deprecation_warning()
2026-04-25 00:59:57,328 - src.agent_verifier - INFO - Starting AGENTIC AI Verifier Worker...
2026-04-25 01:00:01,922 - src.database - INFO - Database connection pool initialized
2026-04-25 01:00:03,079 - src.agent_verifier - INFO - ==> Agent Claimed CVE-2026-41675 (Marked LEVEL_1 to release DB Lock). Initializing Hack Process...
2026-04-25 01:00:03,080 - src.agent_verifier - INFO - [CVE-2026-41675] No PoC JSON found at data/PoC-in-GitHub/2026/CVE-2026-41675.json
2026-04-25 01:00:03,081 - src.agent_verifier - INFO - [CVE-2026-41675] Agent Iteration 1/5...
2026-04-25 01:01:03,991 - src.agent_verifier - INFO - [CVE-2026-41675] Using Docker Compose Up...
2026-04-25 01:02:39,407 - src.agent_verifier - WARNING - [CVE-2026-41675] Iteration 1 Failed! Error:
2026-04-25 01:02:39,410 - src.agent_verifier - WARNING - [CVE-2026-41675] DOCKER COMPOSE UP FAILED:\ndefault  Creating
 Network cve-2026-41675_default  Created
 Container cve-2026-41675-vulnerable-app-1  Creating
 Container cve-2026-41675-vulnerable-app-1  Created
 Container cve-2026-41675-vulnerable-app-1  Starting
Error response from daemon: failed to set up container networking: driver failed programming external connectivity on endpoint cve-2026-41675-vulnerable-app-1 (d0b3c14ea3d75312f0a2b8f4977dad2f179d6be84fada2d57e0d0bc29b50072f): Bind for 0.0.0.0:8080 failed: port is already allocated
\n\nCONTAINER LOGS:\n
2026-04-25 01:02:39,410 - src.agent_verifier - INFO - [CVE-2026-41675] Agent Iteration 2/5...
2026-04-25 01:03:04,383 - src.agent_verifier - INFO - [CVE-2026-41675] Using Docker Compose Up...
2026-04-25 01:04:29,603 - src.agent_verifier - WARNING - [CVE-2026-41675] Iteration 2 Failed! Error:
2026-04-25 01:04:29,614 - src.agent_verifier - WARNING - [CVE-2026-41675] DOCKER COMPOSE UP FAILED:\ndefault  Creating
 Network cve-2026-41675_default  Created
 Container cve-2026-41675-vulnerable-app-1  Creating
 Container cve-2026-41675-vulnerable-app-1  Created
 Container cve-2026-41675-vulnerable-app-1  Starting
Error response from daemon: failed to set up container networking: driver failed programming external connectivity on endpoint cve-2026-41675-vulnerable-app-1 (a7d3663e170646a4946e510f64d76f5fd582711d662137df4b6253fb792842ff): Bind for 0.0.0.0:8081 failed: port is already allocated
\n\nCONTAINER LOGS:\n
2026-04-25 01:04:29,614 - src.agent_verifier - INFO - [CVE-2026-41675] Agent Iteration 3/5...
2026-04-25 01:04:45,102 - src.agent_verifier - INFO - [CVE-2026-41675] Using Docker Compose Up...
2026-04-25 01:05:09,070 - src.agent_verifier - INFO - [CVE-2026-41675] Firing exploit.py from Host...
2026-04-25 01:05:10,984 - src.agent_verifier - INFO - [CVE-2026-41675] Cleaning up Compose...
2026-04-25 01:05:11,173 - src.agent_verifier - INFO - 🚀 [CVE-2026-41675] VERIFIED SUCCESSFUL on iteration 3!
2026-04-25 01:05:11,185 - src.database - INFO - Database connection pool closed
2026-04-25 01:05:12,613 - src.database - INFO - Database connection pool initialized
2026-04-25 01:05:13,298 - src.agent_verifier - INFO - [CVE-2026-41675] Saved to docs/cves_findings/CVE-2026-41675.md and Upgraded to LEVEL_2 (Verified!).
2026-04-25 01:05:17,211 - src.agent_verifier - INFO - ==> Agent Claimed CVE-2026-41591 (Marked LEVEL_1 to release DB Lock). Initializing Hack Process...
2026-04-25 01:05:17,214 - src.agent_verifier - INFO - [CVE-2026-41591] No PoC JSON found at data/PoC-in-GitHub/2026/CVE-2026-41591.json
2026-04-25 01:05:17,214 - src.agent_verifier - INFO - [CVE-2026-41591] Agent Iteration 1/5...
