2026-04-25 00:59:56,008 - src.ai_reporter - INFO - APIKeyRotator initialized with 8 keys and 0 proxies.
/home/lehuuhoang/cve_finding/cve_data_collecting_tool/venv/lib/python3.12/site-packages/vertexai/generative_models/_generative_models.py:433: UserWarning: This feature is deprecated as of June 24, 2025 and will be removed on June 24, 2026. For details, see https://cloud.google.com/vertex-ai/generative-ai/docs/deprecations/genai-vertexai-sdk.
  warning_logs.show_deprecation_warning()
2026-04-25 00:59:57,328 - src.agent_verifier - INFO - Starting AGENTIC AI Verifier Worker...
2026-04-25 01:00:01,692 - src.database - INFO - Database connection pool initialized
2026-04-25 01:00:02,813 - src.agent_verifier - INFO - ==> Agent Claimed CVE-2026-39973 (Marked LEVEL_1 to release DB Lock). Initializing Hack Process...
2026-04-25 01:00:02,813 - src.agent_verifier - INFO - [CVE-2026-39973] No PoC JSON found at data/PoC-in-GitHub/2026/CVE-2026-39973.json
2026-04-25 01:00:02,813 - src.agent_verifier - INFO - [CVE-2026-39973] Agent Iteration 1/5...
2026-04-25 01:01:16,918 - src.agent_verifier - INFO - [CVE-2026-39973] Using Docker Compose Up...
2026-04-25 01:01:56,620 - src.agent_verifier - WARNING - [CVE-2026-39973] Iteration 1 Failed! Error:
2026-04-25 01:01:56,629 - src.agent_verifier - WARNING - [CVE-2026-39973] DOCKER COMPOSE UP FAILED:\ner/daemon.json --containerd /run/containerd/containerd.sock --pidfile /run/desktop/docker.pid --swarm-default-advertise-addr=192.168.65.3 --allow-direct-routing --log-format json --host-gateway-ip 192.168.65.254

github.com/moby/buildkit/solver/llbsolver/ops.(*ExecOp).Exec

	/root/build-deb/engine/vendor/github.com/moby/buildkit/solver/llbsolver/ops/exec.go:519

github.com/moby/buildkit/solver.(*sharedOp).Exec.func2

	/root/build-deb/engine/vendor/github.com/moby/buildkit/solver/jobs.go:1181



\n\nCONTAINER LOGS:\n
2026-04-25 01:01:56,629 - src.agent_verifier - INFO - [CVE-2026-39973] Agent Iteration 2/5...
2026-04-25 01:02:52,091 - src.agent_verifier - INFO - [CVE-2026-39973] Using Docker Compose Up...
2026-04-25 01:03:47,053 - src.agent_verifier - WARNING - [CVE-2026-39973] Iteration 2 Failed! Error:
2026-04-25 01:03:47,064 - src.agent_verifier - WARNING - [CVE-2026-39973] DOCKER COMPOSE UP FAILED:\ner/daemon.json --containerd /run/containerd/containerd.sock --pidfile /run/desktop/docker.pid --swarm-default-advertise-addr=192.168.65.3 --allow-direct-routing --log-format json --host-gateway-ip 192.168.65.254

github.com/moby/buildkit/solver/llbsolver/ops.(*ExecOp).Exec

	/root/build-deb/engine/vendor/github.com/moby/buildkit/solver/llbsolver/ops/exec.go:519

github.com/moby/buildkit/solver.(*sharedOp).Exec.func2

	/root/build-deb/engine/vendor/github.com/moby/buildkit/solver/jobs.go:1181



\n\nCONTAINER LOGS:\n
2026-04-25 01:03:47,064 - src.agent_verifier - INFO - [CVE-2026-39973] Agent Iteration 3/5...
2026-04-25 01:04:49,474 - src.agent_verifier - INFO - [CVE-2026-39973] Using Docker Compose Up...
2026-04-25 01:05:05,856 - src.agent_verifier - WARNING - [CVE-2026-39973] Iteration 3 Failed! Error:
2026-04-25 01:05:05,858 - src.agent_verifier - WARNING - [CVE-2026-39973] DOCKER COMPOSE UP FAILED:\ner/daemon.json --containerd /run/containerd/containerd.sock --pidfile /run/desktop/docker.pid --swarm-default-advertise-addr=192.168.65.3 --allow-direct-routing --log-format json --host-gateway-ip 192.168.65.254

github.com/moby/buildkit/solver/llbsolver/ops.(*ExecOp).Exec

	/root/build-deb/engine/vendor/github.com/moby/buildkit/solver/llbsolver/ops/exec.go:519

github.com/moby/buildkit/solver.(*sharedOp).Exec.func2

	/root/build-deb/engine/vendor/github.com/moby/buildkit/solver/jobs.go:1181



\n\nCONTAINER LOGS:\n
2026-04-25 01:05:05,858 - src.agent_verifier - INFO - [CVE-2026-39973] Agent Iteration 4/5...
