2026-04-25 00:59:56,007 - src.ai_reporter - INFO - APIKeyRotator initialized with 8 keys and 0 proxies.
/home/lehuuhoang/cve_finding/cve_data_collecting_tool/venv/lib/python3.12/site-packages/vertexai/generative_models/_generative_models.py:433: UserWarning: This feature is deprecated as of June 24, 2025 and will be removed on June 24, 2026. For details, see https://cloud.google.com/vertex-ai/generative-ai/docs/deprecations/genai-vertexai-sdk.
  warning_logs.show_deprecation_warning()
2026-04-25 00:59:57,327 - src.agent_verifier - INFO - Starting AGENTIC AI Verifier Worker...
2026-04-25 01:00:01,686 - src.database - INFO - Database connection pool initialized
2026-04-25 01:00:02,810 - src.agent_verifier - INFO - ==> Agent Claimed CVE-2026-33318 (Marked LEVEL_1 to release DB Lock). Initializing Hack Process...
2026-04-25 01:00:02,810 - src.agent_verifier - INFO - [CVE-2026-33318] No PoC JSON found at data/PoC-in-GitHub/2026/CVE-2026-33318.json
2026-04-25 01:00:02,811 - src.agent_verifier - INFO - [CVE-2026-33318] Agent Iteration 1/5...
2026-04-25 01:01:06,369 - src.agent_verifier - INFO - [CVE-2026-33318] Using Docker Compose Up...
2026-04-25 01:02:39,685 - src.agent_verifier - INFO - [CVE-2026-33318] Firing exploit.py from Host...
2026-04-25 01:02:41,680 - src.agent_verifier - INFO - [CVE-2026-33318] Cleaning up Compose...
2026-04-25 01:02:43,872 - src.agent_verifier - WARNING - [CVE-2026-33318] Iteration 1 Failed! Error:
2026-04-25 01:02:43,872 - src.agent_verifier - WARNING - [CVE-2026-33318] EXPLOIT FAILED (Exit Code 1):\n[*] Step 0: Obtaining a low-privilege 'BASIC' role token...

[-] An error occurred: HTTPConnectionPool(host='localhost', port=5000): Max retries exceeded with url: /get-basic-token (Caused by NewConnectionError('<urllib3.connection.HTTPConnection object at 0x7f4ad3d640e0>: Failed to establish a new connection: [Errno 111] Connection refused'))
[-] Ensure the Docker container is running and accessible at http://localhost:5000
\n\n\nCONTAINER LOGS:\nvulnerable-app-1  | Traceback (most recent call last):
vulnerable-app-1  |   File "/app/vulnerable_app.py", line 3, in <module>
vulnerable-app-1  |     from flask import Flask, request, jsonify
vulnerable-app-1  |   File "/usr/local/lib/python3.9/site-packages/flask/__init__.py", line 7, in <module>
vulnerable-app-1  |     from .app import Flask as Flask
vulnerable-app-1  |   File "/usr/local/lib/python3.9/site-packages/flask/app.py", line 27, in <module>
vulnerable-app-1  |     from . import cli
vulnerable-app-1  |   File "/usr/local/lib/python3.9/site-packages/flask/cli.py", line 17, in <module>
vulnerable-app-1  |     from .helpers import get_debug_flag
vulnerable-app-1  |   File "/usr/local/lib/python3.9/site-packages/flask/helpers.py", line 14, in <module>
vulnerable-app-1  |     from werkzeug.urls import url_quote
vulnerable-app-1  | ImportError: cannot import name 'url_quote' from 'werkzeug.urls' (/usr/local/lib/python3.9/site-packages/werkzeug/urls.py)

2026-04-25 01:02:43,872 - src.agent_verifier - INFO - [CVE-2026-33318] Agent Iteration 2/5...
2026-04-25 01:03:08,396 - src.agent_verifier - INFO - [CVE-2026-33318] Using Docker Compose Up...
2026-04-25 01:05:02,913 - src.agent_verifier - INFO - [CVE-2026-33318] Firing exploit.py from Host...
2026-04-25 01:05:05,075 - src.agent_verifier - INFO - [CVE-2026-33318] Cleaning up Compose...
2026-04-25 01:05:10,105 - src.agent_verifier - INFO - 🚀 [CVE-2026-33318] VERIFIED SUCCESSFUL on iteration 2!
2026-04-25 01:05:10,319 - src.database - INFO - Database connection pool closed
2026-04-25 01:05:12,054 - src.database - INFO - Database connection pool initialized
2026-04-25 01:05:12,773 - src.agent_verifier - INFO - [CVE-2026-33318] Saved to docs/cves_findings/CVE-2026-33318.md and Upgraded to LEVEL_2 (Verified!).
2026-04-25 01:05:16,756 - src.agent_verifier - INFO - ==> Agent Claimed CVE-2026-41645 (Marked LEVEL_1 to release DB Lock). Initializing Hack Process...
2026-04-25 01:05:16,764 - src.agent_verifier - INFO - [CVE-2026-41645] No PoC JSON found at data/PoC-in-GitHub/2026/CVE-2026-41645.json
2026-04-25 01:05:16,764 - src.agent_verifier - INFO - [CVE-2026-41645] Agent Iteration 1/5...
