2026-04-25 00:59:56,012 - src.ai_reporter - INFO - APIKeyRotator initialized with 8 keys and 0 proxies.
/home/lehuuhoang/cve_finding/cve_data_collecting_tool/venv/lib/python3.12/site-packages/vertexai/generative_models/_generative_models.py:433: UserWarning: This feature is deprecated as of June 24, 2025 and will be removed on June 24, 2026. For details, see https://cloud.google.com/vertex-ai/generative-ai/docs/deprecations/genai-vertexai-sdk.
  warning_logs.show_deprecation_warning()
2026-04-25 00:59:57,330 - src.agent_verifier - INFO - Starting AGENTIC AI Verifier Worker...
2026-04-25 01:00:01,687 - src.database - INFO - Database connection pool initialized
2026-04-25 01:00:02,810 - src.agent_verifier - INFO - ==> Agent Claimed CVE-2026-41246 (Marked LEVEL_1 to release DB Lock). Initializing Hack Process...
2026-04-25 01:00:02,810 - src.agent_verifier - INFO - [CVE-2026-41246] No PoC JSON found at data/PoC-in-GitHub/2026/CVE-2026-41246.json
2026-04-25 01:00:02,811 - src.agent_verifier - INFO - [CVE-2026-41246] Agent Iteration 1/5...
2026-04-25 01:01:13,476 - src.agent_verifier - INFO - [CVE-2026-41246] Using Docker Compose Up...
2026-04-25 01:03:45,654 - src.agent_verifier - WARNING - [CVE-2026-41246] Iteration 1 Failed! Error:
2026-04-25 01:03:45,658 - src.agent_verifier - WARNING - [CVE-2026-41246] DOCKER COMPOSE UP FAILED:\ndefault  Creating
 Network cve-2026-41246_default  Created
 Container cve-2026-41246-vulnerable-app-1  Creating
 Container cve-2026-41246-vulnerable-app-1  Created
 Container cve-2026-41246-vulnerable-app-1  Starting
Error response from daemon: failed to set up container networking: driver failed programming external connectivity on endpoint cve-2026-41246-vulnerable-app-1 (ca59d56d96937730e798029a7269efa156f4b2a79bc7358bd2bbf261c4d0ce78): Bind for 0.0.0.0:8080 failed: port is already allocated
\n\nCONTAINER LOGS:\n
2026-04-25 01:03:45,667 - src.agent_verifier - INFO - [CVE-2026-41246] Agent Iteration 2/5...
2026-04-25 01:04:03,573 - src.agent_verifier - INFO - [CVE-2026-41246] Using Docker Compose Up...
2026-04-25 01:05:02,912 - src.agent_verifier - INFO - [CVE-2026-41246] Firing exploit.py from Host...
2026-04-25 01:05:05,079 - src.agent_verifier - INFO - [CVE-2026-41246] Cleaning up Compose...
2026-04-25 01:05:10,087 - src.agent_verifier - INFO - 🚀 [CVE-2026-41246] VERIFIED SUCCESSFUL on iteration 2!
2026-04-25 01:05:10,318 - src.database - INFO - Database connection pool closed
2026-04-25 01:05:12,053 - src.database - INFO - Database connection pool initialized
2026-04-25 01:05:12,767 - src.agent_verifier - INFO - [CVE-2026-41246] Saved to docs/cves_findings/CVE-2026-41246.md and Upgraded to LEVEL_2 (Verified!).
2026-04-25 01:05:17,211 - src.agent_verifier - INFO - ==> Agent Claimed CVE-2026-41650 (Marked LEVEL_1 to release DB Lock). Initializing Hack Process...
2026-04-25 01:05:17,214 - src.agent_verifier - INFO - [CVE-2026-41650] No PoC JSON found at data/PoC-in-GitHub/2026/CVE-2026-41650.json
2026-04-25 01:05:17,214 - src.agent_verifier - INFO - [CVE-2026-41650] Agent Iteration 1/5...
